<?xml version="1.0" encoding="UTF-8"?>
<testsuite xmlns:xsi="http://www.w3.org/2001/XMLSchema-instance" xsi:noNamespaceSchemaLocation="https://maven.apache.org/surefire/maven-surefire-plugin/xsd/surefire-test-report.xsd" name="CredentialsTest" time="1.498" tests="3" errors="0" skipped="0" failures="0">
  <properties>
[...]
</properties>
  <testcase name="withoutPasswordCourierTest" classname="CredentialsTest" time="0.074"/>
  <testcase name="withoutLoginCourierTest" classname="CredentialsTest" time="0.342"/>
  <testcase name="loginCourierTest" classname="CredentialsTest" time="1.067"/>
</testsuite>